<?xml version="1.0" encoding="UTF-8"?>
<testng-results ignored="0" total="1" passed="1" failed="0" skipped="0">
  <reporter-output>
  </reporter-output>
  <suite started-at="2025-12-18T15:27:27 IST" name="Default suite" finished-at="2025-12-18T15:27:27 IST" duration-ms="109">
    <groups>
    </groups>
    <test started-at="2025-12-18T15:27:27 IST" name="Default test" finished-at="2025-12-18T15:27:27 IST" duration-ms="109">
      <class name="JAVACODING.Inherteja">
        <test-method signature="Run()[pri:0, instance:JAVACODING.Inherteja@682b2fa]" started-at="2025-12-18T15:27:27 IST" name="Run" finished-at="2025-12-18T15:27:27 IST" duration-ms="8" status="PASS">
          <reporter-output>
          </reporter-output>
        </test-method> <!-- Run -->
      </class> <!-- JAVACODING.Inherteja -->
    </test> <!-- Default test -->
  </suite> <!-- Default suite -->
</testng-results>
